<?xml version="1.0" encoding="UTF-8"?>
<testng-results ignored="0" total="2" passed="2" failed="0" skipped="0">
  <reporter-output>
  </reporter-output>
  <suite started-at="2022-07-12T00:28:34 IST" name="Suite" finished-at="2022-07-12T00:29:05 IST" duration-ms="30438">
    <groups>
      <group name="cucumber">
        <method signature="AbstractTestNGCucumberTests.runScenario(io.cucumber.testng.PickleWrapper,io.cucumber.testng.FeatureWrapper)[pri:0, instance:cucumber.runner.CucumberRunner@1d9b7cce]" name="runScenario" class="io.cucumber.testng.AbstractTestNGCucumberTests"/>
      </group> <!-- cucumber -->
    </groups>
    <test started-at="2022-07-12T00:28:34 IST" name="Test" finished-at="2022-07-12T00:29:05 IST" duration-ms="30438">
      <class name="cucumber.runner.CucumberRunner">
        <test-method is-config="true" signature="setUpClass()[pri:0, instance:cucumber.runner.CucumberRunner@1d9b7cce]" started-at="2022-07-12T00:28:34 IST" name="setUpClass" finished-at="2022-07-12T00:28:35 IST" duration-ms="199" status="PASS">
          <reporter-output>
          </reporter-output>
        </test-method> <!-- setUpClass -->
        <test-method signature="runScenario(io.cucumber.testng.PickleWrapper,io.cucumber.testng.FeatureWrapper)[pri:0, instance:cucumber.runner.CucumberRunner@1d9b7cce]" started-at="2022-07-12T00:28:35 IST" name="runScenario" description="Runs Cucumber Scenarios" data-provider="scenarios" finished-at="2022-07-12T00:28:46 IST" duration-ms="11620" status="PASS">
          <params>
            <param index="0">
              <value>
                <![CDATA["Enter text into search box and verify result text"]]>
              </value>
            </param>
            <param index="1">
              <value>
                <![CDATA["Optional[Amazon Verify]"]]>
              </value>
            </param>
          </params>
          <reporter-output>
          </reporter-output>
        </test-method> <!-- runScenario -->
        <test-method signature="runScenario(io.cucumber.testng.PickleWrapper,io.cucumber.testng.FeatureWrapper)[pri:0, instance:cucumber.runner.CucumberRunner@1d9b7cce]" started-at="2022-07-12T00:28:46 IST" name="runScenario" description="Runs Cucumber Scenarios" data-provider="scenarios" finished-at="2022-07-12T00:29:05 IST" duration-ms="18593" status="PASS">
          <params>
            <param index="0">
              <value>
                <![CDATA["Click Gift a Smile footer link and verify image text"]]>
              </value>
            </param>
            <param index="1">
              <value>
                <![CDATA["Optional[Amazon Verify]"]]>
              </value>
            </param>
          </params>
          <reporter-output>
          </reporter-output>
        </test-method> <!-- runScenario -->
        <test-method is-config="true" signature="tearDownClass()[pri:0, instance:cucumber.runner.CucumberRunner@1d9b7cce]" started-at="2022-07-12T00:29:05 IST" name="tearDownClass" finished-at="2022-07-12T00:29:05 IST" duration-ms="3" status="PASS">
          <reporter-output>
          </reporter-output>
        </test-method> <!-- tearDownClass -->
      </class> <!-- cucumber.runner.CucumberRunner -->
    </test> <!-- Test -->
  </suite> <!-- Suite -->
</testng-results>
